{"numFailedTestSuites":1,"numFailedTests":6,"numPassedTestSuites":1,"numPassedTests":1,"numPendingTestSuites":0,"numPendingTests":0,"numRuntimeErrorTestSuites":0,"numTodoTests":0,"numTotalTestSuites":2,"numTotalTests":7,"openHandles":[],"snapshot":{"added":0,"didUpdate":false,"failure":false,"filesAdded":0,"filesRemoved":0,"filesRemovedList":[],"filesUnmatched":0,"filesUpdated":0,"matched":0,"total":0,"unchecked":0,"uncheckedKeysByFile":[],"unmatched":0,"updated":0},"startTime":1756055222302,"success":false,"testResults":[{"assertionResults":[{"ancestorTitles":["Bubbles tool-call routes"],"duration":100,"failureDetails":[{"matcherResult":{"message":"\u001b[2mexpect(\u001b[22m\u001b[31mreceived\u001b[39m\u001b[2m).\u001b[22mtoBeTruthy\u001b[2m()\u001b[22m\n\nReceived: \u001b[31mundefined\u001b[39m","pass":false}}],"failureMessages":["Error: \u001b[2mexpect(\u001b[22m\u001b[31mreceived\u001b[39m\u001b[2m).\u001b[22mtoBeTruthy\u001b[2m()\u001b[22m\n\nReceived: \u001b[31mundefined\u001b[39m\n    at Object.toBeTruthy (C:\\Users\\Jimbo\\Desktop\\new-roof\\roofing-project-2\\server\\__tests__\\bubbles.tools.test.js:50:41)\n    at processTicksAndRejections (node:internal/process/task_queues:105:5)"],"fullName":"Bubbles tool-call routes mark_line_item_complete_and_notify","invocations":1,"location":null,"numPassingAsserts":0,"retryReasons":[],"status":"failed","title":"mark_line_item_complete_and_notify"},{"ancestorTitles":["Bubbles tool-call routes"],"duration":10,"failureDetails":[{}],"failureMessages":["Error: \u001b[2mexpect(\u001b[22m\u001b[31mreceived\u001b[39m\u001b[2m).\u001b[22mtoMatch\u001b[2m(\u001b[22m\u001b[32mexpected\u001b[39m\u001b[2m)\u001b[22m\n\n\u001b[1mMatcher error\u001b[22m: \u001b[31mreceived\u001b[39m value must be a string\n\nReceived has value: \u001b[31mundefined\u001b[39m\n    at Object.toMatch (C:\\Users\\Jimbo\\Desktop\\new-roof\\roofing-project-2\\server\\__tests__\\bubbles.tools.test.js:60:41)\n    at processTicksAndRejections (node:internal/process/task_queues:105:5)"],"fullName":"Bubbles tool-call routes get_incomplete_items_in_phase","invocations":1,"location":null,"numPassingAsserts":0,"retryReasons":[],"status":"failed","title":"get_incomplete_items_in_phase"},{"ancestorTitles":["Bubbles tool-call routes"],"duration":6,"failureDetails":[{"matcherResult":{"message":"\u001b[2mexpect(\u001b[22m\u001b[31mreceived\u001b[39m\u001b[2m).\u001b[22mtoBeTruthy\u001b[2m()\u001b[22m\n\nReceived: \u001b[31mundefined\u001b[39m","pass":false}}],"failureMessages":["Error: \u001b[2mexpect(\u001b[22m\u001b[31mreceived\u001b[39m\u001b[2m).\u001b[22mtoBeTruthy\u001b[2m()\u001b[22m\n\nReceived: \u001b[31mundefined\u001b[39m\n    at Object.toBeTruthy (C:\\Users\\Jimbo\\Desktop\\new-roof\\roofing-project-2\\server\\__tests__\\bubbles.tools.test.js:70:41)\n    at processTicksAndRejections (node:internal/process/task_queues:105:5)"],"fullName":"Bubbles tool-call routes find_blocking_task","invocations":1,"location":null,"numPassingAsserts":0,"retryReasons":[],"status":"failed","title":"find_blocking_task"},{"ancestorTitles":["Bubbles tool-call routes"],"duration":7,"failureDetails":[{"matcherResult":{"message":"\u001b[2mexpect(\u001b[22m\u001b[31mreceived\u001b[39m\u001b[2m).\u001b[22mtoBeTruthy\u001b[2m()\u001b[22m\n\nReceived: \u001b[31mundefined\u001b[39m","pass":false}}],"failureMessages":["Error: \u001b[2mexpect(\u001b[22m\u001b[31mreceived\u001b[39m\u001b[2m).\u001b[22mtoBeTruthy\u001b[2m()\u001b[22m\n\nReceived: \u001b[31mundefined\u001b[39m\n    at Object.toBeTruthy (C:\\Users\\Jimbo\\Desktop\\new-roof\\roofing-project-2\\server\\__tests__\\bubbles.tools.test.js:80:41)\n    at processTicksAndRejections (node:internal/process/task_queues:105:5)"],"fullName":"Bubbles tool-call routes check_phase_readiness","invocations":1,"location":null,"numPassingAsserts":0,"retryReasons":[],"status":"failed","title":"check_phase_readiness"},{"ancestorTitles":["Bubbles tool-call routes"],"duration":8,"failureDetails":[{"matcherResult":{"message":"\u001b[2mexpect(\u001b[22m\u001b[31mreceived\u001b[39m\u001b[2m).\u001b[22mtoBeTruthy\u001b[2m()\u001b[22m\n\nReceived: \u001b[31mundefined\u001b[39m","pass":false}}],"failureMessages":["Error: \u001b[2mexpect(\u001b[22m\u001b[31mreceived\u001b[39m\u001b[2m).\u001b[22mtoBeTruthy\u001b[2m()\u001b[22m\n\nReceived: \u001b[31mundefined\u001b[39m\n    at Object.toBeTruthy (C:\\Users\\Jimbo\\Desktop\\new-roof\\roofing-project-2\\server\\__tests__\\bubbles.tools.test.js:90:41)\n    at processTicksAndRejections (node:internal/process/task_queues:105:5)"],"fullName":"Bubbles tool-call routes reassign_task","invocations":1,"location":null,"numPassingAsserts":0,"retryReasons":[],"status":"failed","title":"reassign_task"},{"ancestorTitles":["Bubbles tool-call routes"],"duration":7,"failureDetails":[{"matcherResult":{"message":"\u001b[2mexpect(\u001b[22m\u001b[31mreceived\u001b[39m\u001b[2m).\u001b[22mtoBeTruthy\u001b[2m()\u001b[22m\n\nReceived: \u001b[31mundefined\u001b[39m","pass":false}}],"failureMessages":["Error: \u001b[2mexpect(\u001b[22m\u001b[31mreceived\u001b[39m\u001b[2m).\u001b[22mtoBeTruthy\u001b[2m()\u001b[22m\n\nReceived: \u001b[31mundefined\u001b[39m\n    at Object.toBeTruthy (C:\\Users\\Jimbo\\Desktop\\new-roof\\roofing-project-2\\server\\__tests__\\bubbles.tools.test.js:100:41)\n    at processTicksAndRejections (node:internal/process/task_queues:105:5)"],"fullName":"Bubbles tool-call routes answer_company_question","invocations":1,"location":null,"numPassingAsserts":0,"retryReasons":[],"status":"failed","title":"answer_company_question"}],"endTime":1756055223973,"message":"\u001b[1m\u001b[31m  \u001b[1m● \u001b[22m\u001b[1mBubbles tool-call routes › mark_line_item_complete_and_notify\u001b[39m\u001b[22m\n\n    \u001b[2mexpect(\u001b[22m\u001b[31mreceived\u001b[39m\u001b[2m).\u001b[22mtoBeTruthy\u001b[2m()\u001b[22m\n\n    Received: \u001b[31mundefined\u001b[39m\n\u001b[2m\u001b[22m\n\u001b[2m    \u001b[0m \u001b[90m 48 |\u001b[39m       \u001b[33m.\u001b[39msend({ message\u001b[33m:\u001b[39m \u001b[32m'complete it'\u001b[39m\u001b[33m,\u001b[39m projectId\u001b[33m:\u001b[39m \u001b[32m'proj-1'\u001b[39m })\u001b[22m\n\u001b[2m     \u001b[90m 49 |\u001b[39m       \u001b[33m.\u001b[39mexpect(\u001b[35m200\u001b[39m)\u001b[33m;\u001b[39m\u001b[22m\n\u001b[2m    \u001b[31m\u001b[1m>\u001b[22m\u001b[2m\u001b[39m\u001b[90m 50 |\u001b[39m     expect(res\u001b[33m.\u001b[39mbody\u001b[33m?\u001b[39m\u001b[33m.\u001b[39mresponse\u001b[33m?\u001b[39m\u001b[33m.\u001b[39mcontent)\u001b[33m.\u001b[39mtoBeTruthy()\u001b[33m;\u001b[39m\u001b[22m\n\u001b[2m     \u001b[90m    |\u001b[39m                                         \u001b[31m\u001b[1m^\u001b[22m\u001b[2m\u001b[39m\u001b[22m\n\u001b[2m     \u001b[90m 51 |\u001b[39m   })\u001b[33m;\u001b[39m\u001b[22m\n\u001b[2m     \u001b[90m 52 |\u001b[39m\u001b[22m\n\u001b[2m     \u001b[90m 53 |\u001b[39m   test(\u001b[32m'get_incomplete_items_in_phase'\u001b[39m\u001b[33m,\u001b[39m \u001b[36masync\u001b[39m () \u001b[33m=>\u001b[39m {\u001b[0m\u001b[22m\n\u001b[2m\u001b[22m\n\u001b[2m      \u001b[2mat Object.toBeTruthy (\u001b[22m\u001b[2m\u001b[0m\u001b[36m__tests__/bubbles.tools.test.js\u001b[39m\u001b[0m\u001b[2m:50:41)\u001b[22m\u001b[2m\u001b[22m\n\n\u001b[1m\u001b[31m  \u001b[1m● \u001b[22m\u001b[1mBubbles tool-call routes › get_incomplete_items_in_phase\u001b[39m\u001b[22m\n\n    \u001b[2mexpect(\u001b[22m\u001b[31mreceived\u001b[39m\u001b[2m).\u001b[22mtoMatch\u001b[2m(\u001b[22m\u001b[32mexpected\u001b[39m\u001b[2m)\u001b[22m\n\n    \u001b[1mMatcher error\u001b[22m: \u001b[31mreceived\u001b[39m value must be a string\n\n    Received has value: \u001b[31mundefined\u001b[39m\n\u001b[2m\u001b[22m\n\u001b[2m    \u001b[0m \u001b[90m 58 |\u001b[39m       \u001b[33m.\u001b[39msend({ message\u001b[33m:\u001b[39m \u001b[32m'what is left'\u001b[39m\u001b[33m,\u001b[39m projectId\u001b[33m:\u001b[39m \u001b[32m'proj-1'\u001b[39m })\u001b[22m\n\u001b[2m     \u001b[90m 59 |\u001b[39m       \u001b[33m.\u001b[39mexpect(\u001b[35m200\u001b[39m)\u001b[33m;\u001b[39m\u001b[22m\n\u001b[2m    \u001b[31m\u001b[1m>\u001b[22m\u001b[2m\u001b[39m\u001b[90m 60 |\u001b[39m     expect(res\u001b[33m.\u001b[39mbody\u001b[33m?\u001b[39m\u001b[33m.\u001b[39mresponse\u001b[33m?\u001b[39m\u001b[33m.\u001b[39mcontent)\u001b[33m.\u001b[39mtoMatch(\u001b[35m/incomplete tasks/i\u001b[39m)\u001b[33m;\u001b[39m\u001b[22m\n\u001b[2m     \u001b[90m    |\u001b[39m                                         \u001b[31m\u001b[1m^\u001b[22m\u001b[2m\u001b[39m\u001b[22m\n\u001b[2m     \u001b[90m 61 |\u001b[39m   })\u001b[33m;\u001b[39m\u001b[22m\n\u001b[2m     \u001b[90m 62 |\u001b[39m\u001b[22m\n\u001b[2m     \u001b[90m 63 |\u001b[39m   test(\u001b[32m'find_blocking_task'\u001b[39m\u001b[33m,\u001b[39m \u001b[36masync\u001b[39m () \u001b[33m=>\u001b[39m {\u001b[0m\u001b[22m\n\u001b[2m\u001b[22m\n\u001b[2m      \u001b[2mat Object.toMatch (\u001b[22m\u001b[2m\u001b[0m\u001b[36m__tests__/bubbles.tools.test.js\u001b[39m\u001b[0m\u001b[2m:60:41)\u001b[22m\u001b[2m\u001b[22m\n\n\u001b[1m\u001b[31m  \u001b[1m● \u001b[22m\u001b[1mBubbles tool-call routes › find_blocking_task\u001b[39m\u001b[22m\n\n    \u001b[2mexpect(\u001b[22m\u001b[31mreceived\u001b[39m\u001b[2m).\u001b[22mtoBeTruthy\u001b[2m()\u001b[22m\n\n    Received: \u001b[31mundefined\u001b[39m\n\u001b[2m\u001b[22m\n\u001b[2m    \u001b[0m \u001b[90m 68 |\u001b[39m       \u001b[33m.\u001b[39msend({ message\u001b[33m:\u001b[39m \u001b[32m'what is blocking'\u001b[39m\u001b[33m,\u001b[39m projectId\u001b[33m:\u001b[39m \u001b[32m'proj-1'\u001b[39m })\u001b[22m\n\u001b[2m     \u001b[90m 69 |\u001b[39m       \u001b[33m.\u001b[39mexpect(\u001b[35m200\u001b[39m)\u001b[33m;\u001b[39m\u001b[22m\n\u001b[2m    \u001b[31m\u001b[1m>\u001b[22m\u001b[2m\u001b[39m\u001b[90m 70 |\u001b[39m     expect(res\u001b[33m.\u001b[39mbody\u001b[33m?\u001b[39m\u001b[33m.\u001b[39mresponse\u001b[33m?\u001b[39m\u001b[33m.\u001b[39mcontent)\u001b[33m.\u001b[39mtoBeTruthy()\u001b[33m;\u001b[39m\u001b[22m\n\u001b[2m     \u001b[90m    |\u001b[39m                                         \u001b[31m\u001b[1m^\u001b[22m\u001b[2m\u001b[39m\u001b[22m\n\u001b[2m     \u001b[90m 71 |\u001b[39m   })\u001b[33m;\u001b[39m\u001b[22m\n\u001b[2m     \u001b[90m 72 |\u001b[39m\u001b[22m\n\u001b[2m     \u001b[90m 73 |\u001b[39m   test(\u001b[32m'check_phase_readiness'\u001b[39m\u001b[33m,\u001b[39m \u001b[36masync\u001b[39m () \u001b[33m=>\u001b[39m {\u001b[0m\u001b[22m\n\u001b[2m\u001b[22m\n\u001b[2m      \u001b[2mat Object.toBeTruthy (\u001b[22m\u001b[2m\u001b[0m\u001b[36m__tests__/bubbles.tools.test.js\u001b[39m\u001b[0m\u001b[2m:70:41)\u001b[22m\u001b[2m\u001b[22m\n\n\u001b[1m\u001b[31m  \u001b[1m● \u001b[22m\u001b[1mBubbles tool-call routes › check_phase_readiness\u001b[39m\u001b[22m\n\n    \u001b[2mexpect(\u001b[22m\u001b[31mreceived\u001b[39m\u001b[2m).\u001b[22mtoBeTruthy\u001b[2m()\u001b[22m\n\n    Received: \u001b[31mundefined\u001b[39m\n\u001b[2m\u001b[22m\n\u001b[2m    \u001b[0m \u001b[90m 78 |\u001b[39m       \u001b[33m.\u001b[39msend({ message\u001b[33m:\u001b[39m \u001b[32m'can we advance'\u001b[39m\u001b[33m,\u001b[39m projectId\u001b[33m:\u001b[39m \u001b[32m'proj-1'\u001b[39m })\u001b[22m\n\u001b[2m     \u001b[90m 79 |\u001b[39m       \u001b[33m.\u001b[39mexpect(\u001b[35m200\u001b[39m)\u001b[33m;\u001b[39m\u001b[22m\n\u001b[2m    \u001b[31m\u001b[1m>\u001b[22m\u001b[2m\u001b[39m\u001b[90m 80 |\u001b[39m     expect(res\u001b[33m.\u001b[39mbody\u001b[33m?\u001b[39m\u001b[33m.\u001b[39mresponse\u001b[33m?\u001b[39m\u001b[33m.\u001b[39mcontent)\u001b[33m.\u001b[39mtoBeTruthy()\u001b[33m;\u001b[39m\u001b[22m\n\u001b[2m     \u001b[90m    |\u001b[39m                                         \u001b[31m\u001b[1m^\u001b[22m\u001b[2m\u001b[39m\u001b[22m\n\u001b[2m     \u001b[90m 81 |\u001b[39m   })\u001b[33m;\u001b[39m\u001b[22m\n\u001b[2m     \u001b[90m 82 |\u001b[39m\u001b[22m\n\u001b[2m     \u001b[90m 83 |\u001b[39m   test(\u001b[32m'reassign_task'\u001b[39m\u001b[33m,\u001b[39m \u001b[36masync\u001b[39m () \u001b[33m=>\u001b[39m {\u001b[0m\u001b[22m\n\u001b[2m\u001b[22m\n\u001b[2m      \u001b[2mat Object.toBeTruthy (\u001b[22m\u001b[2m\u001b[0m\u001b[36m__tests__/bubbles.tools.test.js\u001b[39m\u001b[0m\u001b[2m:80:41)\u001b[22m\u001b[2m\u001b[22m\n\n\u001b[1m\u001b[31m  \u001b[1m● \u001b[22m\u001b[1mBubbles tool-call routes › reassign_task\u001b[39m\u001b[22m\n\n    \u001b[2mexpect(\u001b[22m\u001b[31mreceived\u001b[39m\u001b[2m).\u001b[22mtoBeTruthy\u001b[2m()\u001b[22m\n\n    Received: \u001b[31mundefined\u001b[39m\n\u001b[2m\u001b[22m\n\u001b[2m    \u001b[0m \u001b[90m 88 |\u001b[39m       \u001b[33m.\u001b[39msend({ message\u001b[33m:\u001b[39m \u001b[32m'reassign'\u001b[39m\u001b[33m,\u001b[39m projectId\u001b[33m:\u001b[39m \u001b[32m'proj-1'\u001b[39m })\u001b[22m\n\u001b[2m     \u001b[90m 89 |\u001b[39m       \u001b[33m.\u001b[39mexpect(\u001b[35m200\u001b[39m)\u001b[33m;\u001b[39m\u001b[22m\n\u001b[2m    \u001b[31m\u001b[1m>\u001b[22m\u001b[2m\u001b[39m\u001b[90m 90 |\u001b[39m     expect(res\u001b[33m.\u001b[39mbody\u001b[33m?\u001b[39m\u001b[33m.\u001b[39mresponse\u001b[33m?\u001b[39m\u001b[33m.\u001b[39mcontent)\u001b[33m.\u001b[39mtoBeTruthy()\u001b[33m;\u001b[39m\u001b[22m\n\u001b[2m     \u001b[90m    |\u001b[39m                                         \u001b[31m\u001b[1m^\u001b[22m\u001b[2m\u001b[39m\u001b[22m\n\u001b[2m     \u001b[90m 91 |\u001b[39m   })\u001b[33m;\u001b[39m\u001b[22m\n\u001b[2m     \u001b[90m 92 |\u001b[39m\u001b[22m\n\u001b[2m     \u001b[90m 93 |\u001b[39m   test(\u001b[32m'answer_company_question'\u001b[39m\u001b[33m,\u001b[39m \u001b[36masync\u001b[39m () \u001b[33m=>\u001b[39m {\u001b[0m\u001b[22m\n\u001b[2m\u001b[22m\n\u001b[2m      \u001b[2mat Object.toBeTruthy (\u001b[22m\u001b[2m\u001b[0m\u001b[36m__tests__/bubbles.tools.test.js\u001b[39m\u001b[0m\u001b[2m:90:41)\u001b[22m\u001b[2m\u001b[22m\n\n\u001b[1m\u001b[31m  \u001b[1m● \u001b[22m\u001b[1mBubbles tool-call routes › answer_company_question\u001b[39m\u001b[22m\n\n    \u001b[2mexpect(\u001b[22m\u001b[31mreceived\u001b[39m\u001b[2m).\u001b[22mtoBeTruthy\u001b[2m()\u001b[22m\n\n    Received: \u001b[31mundefined\u001b[39m\n\u001b[2m\u001b[22m\n\u001b[2m    \u001b[0m \u001b[90m  98 |\u001b[39m       \u001b[33m.\u001b[39msend({ message\u001b[33m:\u001b[39m \u001b[32m'kb question'\u001b[39m\u001b[33m,\u001b[39m projectId\u001b[33m:\u001b[39m \u001b[32m'proj-1'\u001b[39m })\u001b[22m\n\u001b[2m     \u001b[90m  99 |\u001b[39m       \u001b[33m.\u001b[39mexpect(\u001b[35m200\u001b[39m)\u001b[33m;\u001b[39m\u001b[22m\n\u001b[2m    \u001b[31m\u001b[1m>\u001b[22m\u001b[2m\u001b[39m\u001b[90m 100 |\u001b[39m     expect(res\u001b[33m.\u001b[39mbody\u001b[33m?\u001b[39m\u001b[33m.\u001b[39mresponse\u001b[33m?\u001b[39m\u001b[33m.\u001b[39mcontent)\u001b[33m.\u001b[39mtoBeTruthy()\u001b[33m;\u001b[39m\u001b[22m\n\u001b[2m     \u001b[90m     |\u001b[39m                                         \u001b[31m\u001b[1m^\u001b[22m\u001b[2m\u001b[39m\u001b[22m\n\u001b[2m     \u001b[90m 101 |\u001b[39m   })\u001b[33m;\u001b[39m\u001b[22m\n\u001b[2m     \u001b[90m 102 |\u001b[39m })\u001b[33m;\u001b[39m\u001b[22m\n\u001b[2m     \u001b[90m 103 |\u001b[39m\u001b[0m\u001b[22m\n\u001b[2m\u001b[22m\n\u001b[2m      \u001b[2mat Object.toBeTruthy (\u001b[22m\u001b[2m\u001b[0m\u001b[36m__tests__/bubbles.tools.test.js\u001b[39m\u001b[0m\u001b[2m:100:41)\u001b[22m\u001b[2m\u001b[22m\n","name":"C:\\Users\\Jimbo\\Desktop\\new-roof\\roofing-project-2\\server\\__tests__\\bubbles.tools.test.js","startTime":1756055222367,"status":"failed","summary":""},{"assertionResults":[{"ancestorTitles":["Bubbles chat route"],"duration":54,"failureDetails":[],"failureMessages":[],"fullName":"Bubbles chat route completes a task via tool call","invocations":1,"location":null,"numPassingAsserts":2,"retryReasons":[],"status":"passed","title":"completes a task via tool call"}],"endTime":1756055224292,"message":"","name":"C:\\Users\\Jimbo\\Desktop\\new-roof\\roofing-project-2\\server\\__tests__\\bubbles.chat.test.js","startTime":1756055223985,"status":"passed","summary":""}],"wasInterrupted":false}
